Performing C SOURCE FILE Test CMAKE_HAVE_LIBC_PTHREAD failed with the following output:
Change Dir: /home/sergey/iz2/cmake-build-debug/CMakeFiles/CMakeTmp

Run Build Command(s):/usr/bin/make cmTC_cf84f/fast && /usr/bin/make -f CMakeFiles/cmTC_cf84f.dir/build.make CMakeFiles/cmTC_cf84f.dir/build
make[1]: вход в каталог «/home/sergey/iz2/cmake-build-debug/CMakeFiles/CMakeTmp»
Building C object CMakeFiles/cmTC_cf84f.dir/src.c.o
/usr/bin/cc   --coverage -DCMAKE_HAVE_LIBC_PTHREAD   -o CMakeFiles/cmTC_cf84f.dir/src.c.o   -c /home/sergey/iz2/cmake-build-debug/CMakeFiles/CMakeTmp/src.c
Linking C executable cmTC_cf84f
/opt/clion-2019.2.4/bin/cmake/linux/bin/cmake -E cmake_link_script CMakeFiles/cmTC_cf84f.dir/link.txt --verbose=1
/usr/bin/cc --coverage -DCMAKE_HAVE_LIBC_PTHREAD    CMakeFiles/cmTC_cf84f.dir/src.c.o  -o cmTC_cf84f 
CMakeFiles/cmTC_cf84f.dir/src.c.o: In function `main':
src.c:(.text+0x62): undefined reference to `pthread_create'
src.c:(.text+0x80): undefined reference to `pthread_detach'
src.c:(.text+0xa3): undefined reference to `pthread_join'
src.c:(.text+0xc9): undefined reference to `pthread_atfork'
collect2: error: ld returned 1 exit status
CMakeFiles/cmTC_cf84f.dir/build.make:86: recipe for target 'cmTC_cf84f' failed
make[1]: *** [cmTC_cf84f] Error 1
make[1]: выход из каталога «/home/sergey/iz2/cmake-build-debug/CMakeFiles/CMakeTmp»
Makefile:121: recipe for target 'cmTC_cf84f/fast' failed
make: *** [cmTC_cf84f/fast] Error 2


Source file was:
#include <pthread.h>

void* test_func(void* data)
{
  return data;
}

int main(void)
{
  pthread_t thread;
  pthread_create(&thread, NULL, test_func, NULL);
  pthread_detach(thread);
  pthread_join(thread, NULL);
  pthread_atfork(NULL, NULL, NULL);
  pthread_exit(NULL);

  return 0;
}

Determining if the function pthread_create exists in the pthreads failed with the following output:
Change Dir: /home/sergey/iz2/cmake-build-debug/CMakeFiles/CMakeTmp

Run Build Command(s):/usr/bin/make cmTC_c56ef/fast && /usr/bin/make -f CMakeFiles/cmTC_c56ef.dir/build.make CMakeFiles/cmTC_c56ef.dir/build
make[1]: вход в каталог «/home/sergey/iz2/cmake-build-debug/CMakeFiles/CMakeTmp»
Building C object CMakeFiles/cmTC_c56ef.dir/CheckFunctionExists.c.o
/usr/bin/cc   --coverage -DCHECK_FUNCTION_EXISTS=pthread_create   -o CMakeFiles/cmTC_c56ef.dir/CheckFunctionExists.c.o   -c /opt/clion-2019.2.4/bin/cmake/linux/share/cmake-3.15/Modules/CheckFunctionExists.c
Linking C executable cmTC_c56ef
/opt/clion-2019.2.4/bin/cmake/linux/bin/cmake -E cmake_link_script CMakeFiles/cmTC_c56ef.dir/link.txt --verbose=1
/usr/bin/cc --coverage -DCHECK_FUNCTION_EXISTS=pthread_create    CMakeFiles/cmTC_c56ef.dir/CheckFunctionExists.c.o  -o cmTC_c56ef -lpthreads 
/usr/bin/ld: cannot find -lpthreads
collect2: error: ld returned 1 exit status
CMakeFiles/cmTC_c56ef.dir/build.make:86: recipe for target 'cmTC_c56ef' failed
make[1]: *** [cmTC_c56ef] Error 1
make[1]: выход из каталога «/home/sergey/iz2/cmake-build-debug/CMakeFiles/CMakeTmp»
Makefile:121: recipe for target 'cmTC_c56ef/fast' failed
make: *** [cmTC_c56ef/fast] Error 2



Determining if the pthread_create exist failed with the following output:
Change Dir: /home/sergey/iz2/cmake-build-debug/CMakeFiles/CMakeTmp

Run Build Command:"/usr/bin/make" "cmTC_6e269/fast"
/usr/bin/make -f CMakeFiles/cmTC_6e269.dir/build.make CMakeFiles/cmTC_6e269.dir/build
make[1]: вход в каталог «/home/sergey/iz2/cmake-build-debug/CMakeFiles/CMakeTmp»
Building C object CMakeFiles/cmTC_6e269.dir/CheckSymbolExists.c.o
/usr/bin/cc   --coverage    -o CMakeFiles/cmTC_6e269.dir/CheckSymbolExists.c.o   -c /home/sergey/iz2/cmake-build-debug/CMakeFiles/CMakeTmp/CheckSymbolExists.c
Linking C executable cmTC_6e269
/usr/bin/cmake -E cmake_link_script CMakeFiles/cmTC_6e269.dir/link.txt --verbose=1
/usr/bin/cc --coverage     CMakeFiles/cmTC_6e269.dir/CheckSymbolExists.c.o  -o cmTC_6e269 
CMakeFiles/cmTC_6e269.dir/CheckSymbolExists.c.o: In function `main':
CheckSymbolExists.c:(.text+0x1b): undefined reference to `pthread_create'
collect2: error: ld returned 1 exit status
CMakeFiles/cmTC_6e269.dir/build.make:97: recipe for target 'cmTC_6e269' failed
make[1]: *** [cmTC_6e269] Error 1
make[1]: выход из каталога «/home/sergey/iz2/cmake-build-debug/CMakeFiles/CMakeTmp»
Makefile:126: recipe for target 'cmTC_6e269/fast' failed
make: *** [cmTC_6e269/fast] Error 2

File /home/sergey/iz2/cmake-build-debug/CMakeFiles/CMakeTmp/CheckSymbolExists.c:
/* */
#include <pthread.h>

int main(int argc, char** argv)
{
  (void)argv;
#ifndef pthread_create
  return ((int*)(&pthread_create))[argc];
#else
  (void)argc;
  return 0;
#endif
}

